<?xml version="1.0" encoding="UTF-8"?>
<testsuite xmlns:xsi="http://www.w3.org/2001/XMLSchema-instance" xsi:noNamespaceSchemaLocation="https://maven.apache.org/surefire/maven-surefire-plugin/xsd/surefire-test-report.xsd" name="com.tetris.model.ShapeTest" time="0.001" tests="5" errors="0" skipped="0" failures="0">
  <properties>
[...]
</properties>
  <testcase name="testShapeSetPosition" classname="com.tetris.model.ShapeTest" time="0"/>
  <testcase name="testShapeCopy" classname="com.tetris.model.ShapeTest" time="0"/>
  <testcase name="testShapeMove" classname="com.tetris.model.ShapeTest" time="0"/>
  <testcase name="testShapeCreation" classname="com.tetris.model.ShapeTest" time="0"/>
  <testcase name="testShapeRotate" classname="com.tetris.model.ShapeTest" time="0"/>
</testsuite>